{"/Users/marcio/Development/projects/personal/walmart-technical-challenge-backend/src/common/Config.ts": {"path":"/Users/marcio/Development/projects/personal/walmart-technical-challenge-backend/src/common/Config.ts","statementMap":{"0":{"start":{"line":1,"column":0},"end":{"line":1,"column":29}},"1":{"start":{"line":3,"column":15},"end":{"line":57,"column":2}},"2":{"start":{"line":59,"column":12},"end":{"line":59,"column":29}},"3":{"start":{"line":60,"column":0},"end":{"line":60,"column":null}},"4":{"start":{"line":61,"column":0},"end":{"line":61,"column":null}},"5":{"start":{"line":62,"column":0},"end":{"line":62,"column":null}},"6":{"start":{"line":64,"column":0},"end":{"line":64,"column":null}}},"fnMap":{},"branchMap":{},"s":{"0":2,"1":2,"2":2,"3":2,"4":2,"5":2,"6":2},"f":{},"b":{}}
,"/Users/marcio/Development/projects/personal/walmart-technical-challenge-backend/src/common/CreateApplication.ts": {"path":"/Users/marcio/Development/projects/personal/walmart-technical-challenge-backend/src/common/CreateApplication.ts","statementMap":{"0":{"start":{"line":1,"column":0},"end":{"line":1,"column":46}},"1":{"start":{"line":2,"column":0},"end":{"line":2,"column":23}},"2":{"start":{"line":3,"column":0},"end":{"line":3,"column":37}},"3":{"start":{"line":5,"column":0},"end":{"line":5,"column":30}},"4":{"start":{"line":6,"column":0},"end":{"line":6,"column":51}},"5":{"start":{"line":7,"column":0},"end":{"line":7,"column":29}},"6":{"start":{"line":8,"column":0},"end":{"line":8,"column":57}},"7":{"start":{"line":11,"column":2},"end":{"line":11,"column":null}},"8":{"start":{"line":12,"column":22},"end":{"line":12,"column":31}},"9":{"start":{"line":14,"column":2},"end":{"line":14,"column":null}},"10":{"start":{"line":15,"column":2},"end":{"line":18,"column":null}},"11":{"start":{"line":16,"column":4},"end":{"line":16,"column":null}},"12":{"start":{"line":17,"column":4},"end":{"line":17,"column":null}},"13":{"start":{"line":18,"column":20},"end":{"line":18,"column":39}},"14":{"start":{"line":20,"column":2},"end":{"line":20,"column":null}},"15":{"start":{"line":21,"column":2},"end":{"line":21,"column":null}},"16":{"start":{"line":22,"column":2},"end":{"line":22,"column":null}},"17":{"start":{"line":23,"column":2},"end":{"line":23,"column":null}},"18":{"start":{"line":24,"column":2},"end":{"line":24,"column":null}},"19":{"start":{"line":26,"column":2},"end":{"line":26,"column":null}},"20":{"start":{"line":28,"column":2},"end":{"line":28,"column":null}},"21":{"start":{"line":28,"column":44},"end":{"line":28,"column":74}},"22":{"start":{"line":28,"column":45},"end":{"line":28,"column":74}},"23":{"start":{"line":10,"column":0},"end":{"line":10,"column":30}}},"fnMap":{"0":{"name":"CreateApplication","decl":{"start":{"line":10,"column":30},"end":{"line":10,"column":47}},"loc":{"start":{"line":10,"column":47},"end":{"line":29,"column":null}}},"1":{"name":"(anonymous_16)","decl":{"start":{"line":15,"column":28},"end":{"line":15,"column":31}},"loc":{"start":{"line":15,"column":33},"end":{"line":18,"column":3}}},"2":{"name":"(anonymous_17)","decl":{"start":{"line":18,"column":11},"end":{"line":18,"column":16}},"loc":{"start":{"line":18,"column":20},"end":{"line":18,"column":39}}},"3":{"name":"(anonymous_18)","decl":{"start":{"line":28,"column":33},"end":{"line":28,"column":42}},"loc":{"start":{"line":28,"column":44},"end":{"line":28,"column":74}}},"4":{"name":"(anonymous_19)","decl":{"start":{"line":28,"column":44},"end":{"line":28,"column":45}},"loc":{"start":{"line":28,"column":44},"end":{"line":28,"column":74}}}},"branchMap":{},"s":{"0":2,"1":2,"2":2,"3":2,"4":2,"5":2,"6":2,"7":2,"8":2,"9":2,"10":2,"11":2,"12":2,"13":0,"14":2,"15":2,"16":2,"17":2,"18":2,"19":2,"20":2,"21":3,"22":3,"23":2},"f":{"0":2,"1":2,"2":0,"3":3,"4":3},"b":{}}
,"/Users/marcio/Development/projects/personal/walmart-technical-challenge-backend/src/common/DatabaseConnection.ts": {"path":"/Users/marcio/Development/projects/personal/walmart-technical-challenge-backend/src/common/DatabaseConnection.ts","statementMap":{"0":{"start":{"line":1,"column":0},"end":{"line":1,"column":29}},"1":{"start":{"line":4,"column":2},"end":{"line":4,"column":null}},"2":{"start":{"line":5,"column":2},"end":{"line":5,"column":null}},"3":{"start":{"line":3,"column":0},"end":{"line":3,"column":16}}},"fnMap":{"0":{"name":"DatabaseConnection","decl":{"start":{"line":3,"column":16},"end":{"line":3,"column":34}},"loc":{"start":{"line":3,"column":34},"end":{"line":6,"column":1}}}},"branchMap":{},"s":{"0":2,"1":2,"2":2,"3":2},"f":{"0":2},"b":{}}
,"/Users/marcio/Development/projects/personal/walmart-technical-challenge-backend/src/common/Logger.ts": {"path":"/Users/marcio/Development/projects/personal/walmart-technical-challenge-backend/src/common/Logger.ts","statementMap":{"0":{"start":{"line":1,"column":0},"end":{"line":1,"column":27}},"1":{"start":{"line":2,"column":0},"end":{"line":2,"column":58}},"2":{"start":{"line":3,"column":0},"end":{"line":3,"column":55}},"3":{"start":{"line":5,"column":0},"end":{"line":5,"column":29}},"4":{"start":{"line":7,"column":14},"end":{"line":7,"column":37}},"5":{"start":{"line":8,"column":18},"end":{"line":8,"column":40}},"6":{"start":{"line":9,"column":13},"end":{"line":9,"column":35}},"7":{"start":{"line":11,"column":15},"end":{"line":35,"column":2}},"8":{"start":{"line":19,"column":18},"end":{"line":19,"column":69}},"9":{"start":{"line":25,"column":16},"end":{"line":25,"column":67}},"10":{"start":{"line":37,"column":13},"end":{"line":39,"column":null}},"11":{"start":{"line":38,"column":30},"end":{"line":38,"column":50}},"12":{"start":{"line":41,"column":0},"end":{"line":41,"column":null}}},"fnMap":{"0":{"name":"(anonymous_1)","decl":{"start":{"line":19,"column":10},"end":{"line":19,"column":14}},"loc":{"start":{"line":19,"column":18},"end":{"line":19,"column":69}}},"1":{"name":"(anonymous_2)","decl":{"start":{"line":25,"column":8},"end":{"line":25,"column":12}},"loc":{"start":{"line":25,"column":16},"end":{"line":25,"column":67}}},"2":{"name":"(anonymous_3)","decl":{"start":{"line":38,"column":19},"end":{"line":38,"column":26}},"loc":{"start":{"line":38,"column":30},"end":{"line":38,"column":50}}}},"branchMap":{},"s":{"0":2,"1":2,"2":2,"3":2,"4":2,"5":2,"6":2,"7":2,"8":0,"9":0,"10":2,"11":1,"12":2},"f":{"0":0,"1":0,"2":1},"b":{}}
,"/Users/marcio/Development/projects/personal/walmart-technical-challenge-backend/src/controllers/HealthCheckController.ts": {"path":"/Users/marcio/Development/projects/personal/walmart-technical-challenge-backend/src/controllers/HealthCheckController.ts","statementMap":{"0":{"start":{"line":3,"column":38},"end":{"line":5,"column":null}},"1":{"start":{"line":3,"column":76},"end":{"line":5,"column":null}},"2":{"start":{"line":4,"column":2},"end":{"line":4,"column":null}},"3":{"start":{"line":3,"column":13},"end":{"line":3,"column":38}}},"fnMap":{"0":{"name":"(anonymous_7)","decl":{"start":{"line":3,"column":38},"end":{"line":3,"column":45}},"loc":{"start":{"line":3,"column":76},"end":{"line":5,"column":null}}},"1":{"name":"(anonymous_8)","decl":{"start":{"line":3,"column":76},"end":{"line":3,"column":null}},"loc":{"start":{"line":3,"column":76},"end":{"line":5,"column":1}}}},"branchMap":{},"s":{"0":2,"1":1,"2":1,"3":2},"f":{"0":1,"1":1},"b":{}}
,"/Users/marcio/Development/projects/personal/walmart-technical-challenge-backend/src/router/index.ts": {"path":"/Users/marcio/Development/projects/personal/walmart-technical-challenge-backend/src/router/index.ts","statementMap":{"0":{"start":{"line":1,"column":0},"end":{"line":1,"column":32}},"1":{"start":{"line":3,"column":0},"end":{"line":3,"column":77}},"2":{"start":{"line":5,"column":23},"end":{"line":5,"column":31}},"3":{"start":{"line":8,"column":0},"end":{"line":8,"column":null}},"4":{"start":{"line":10,"column":0},"end":{"line":10,"column":null}}},"fnMap":{},"branchMap":{},"s":{"0":2,"1":2,"2":2,"3":2,"4":2},"f":{},"b":{}}
}
