{"/Users/marcio/Development/projects/personal/walmart-technical-challenge-backend/src/common/Config.ts": {"path":"/Users/marcio/Development/projects/personal/walmart-technical-challenge-backend/src/common/Config.ts","statementMap":{"0":{"start":{"line":1,"column":0},"end":{"line":1,"column":29}},"1":{"start":{"line":3,"column":15},"end":{"line":92,"column":2}},"2":{"start":{"line":94,"column":12},"end":{"line":94,"column":29}},"3":{"start":{"line":95,"column":0},"end":{"line":95,"column":null}},"4":{"start":{"line":96,"column":0},"end":{"line":96,"column":null}},"5":{"start":{"line":97,"column":0},"end":{"line":97,"column":null}},"6":{"start":{"line":99,"column":0},"end":{"line":99,"column":null}}},"fnMap":{},"branchMap":{},"s":{"0":4,"1":4,"2":4,"3":4,"4":4,"5":4,"6":4},"f":{},"b":{}}
,"/Users/marcio/Development/projects/personal/walmart-technical-challenge-backend/src/common/CreateApplication.ts": {"path":"/Users/marcio/Development/projects/personal/walmart-technical-challenge-backend/src/common/CreateApplication.ts","statementMap":{"0":{"start":{"line":1,"column":0},"end":{"line":1,"column":46}},"1":{"start":{"line":2,"column":0},"end":{"line":2,"column":23}},"2":{"start":{"line":3,"column":0},"end":{"line":3,"column":37}},"3":{"start":{"line":5,"column":0},"end":{"line":5,"column":30}},"4":{"start":{"line":6,"column":0},"end":{"line":6,"column":51}},"5":{"start":{"line":7,"column":0},"end":{"line":7,"column":29}},"6":{"start":{"line":8,"column":0},"end":{"line":8,"column":53}},"7":{"start":{"line":11,"column":2},"end":{"line":11,"column":null}},"8":{"start":{"line":12,"column":22},"end":{"line":12,"column":31}},"9":{"start":{"line":14,"column":2},"end":{"line":17,"column":null}},"10":{"start":{"line":15,"column":4},"end":{"line":15,"column":null}},"11":{"start":{"line":16,"column":4},"end":{"line":16,"column":null}},"12":{"start":{"line":19,"column":2},"end":{"line":19,"column":null}},"13":{"start":{"line":20,"column":2},"end":{"line":20,"column":null}},"14":{"start":{"line":21,"column":2},"end":{"line":21,"column":null}},"15":{"start":{"line":22,"column":2},"end":{"line":22,"column":null}},"16":{"start":{"line":23,"column":2},"end":{"line":23,"column":null}},"17":{"start":{"line":25,"column":2},"end":{"line":25,"column":null}},"18":{"start":{"line":27,"column":2},"end":{"line":27,"column":null}},"19":{"start":{"line":27,"column":44},"end":{"line":27,"column":74}},"20":{"start":{"line":27,"column":45},"end":{"line":27,"column":74}},"21":{"start":{"line":10,"column":0},"end":{"line":10,"column":30}}},"fnMap":{"0":{"name":"CreateApplication","decl":{"start":{"line":10,"column":30},"end":{"line":10,"column":47}},"loc":{"start":{"line":10,"column":47},"end":{"line":28,"column":null}}},"1":{"name":"(anonymous_16)","decl":{"start":{"line":14,"column":28},"end":{"line":14,"column":31}},"loc":{"start":{"line":14,"column":33},"end":{"line":17,"column":3}}},"2":{"name":"(anonymous_17)","decl":{"start":{"line":27,"column":33},"end":{"line":27,"column":42}},"loc":{"start":{"line":27,"column":44},"end":{"line":27,"column":74}}},"3":{"name":"(anonymous_18)","decl":{"start":{"line":27,"column":44},"end":{"line":27,"column":45}},"loc":{"start":{"line":27,"column":44},"end":{"line":27,"column":74}}}},"branchMap":{},"s":{"0":4,"1":4,"2":4,"3":4,"4":4,"5":4,"6":4,"7":4,"8":4,"9":4,"10":4,"11":4,"12":4,"13":4,"14":4,"15":4,"16":4,"17":4,"18":4,"19":4,"20":4,"21":4},"f":{"0":4,"1":4,"2":4,"3":4},"b":{}}
,"/Users/marcio/Development/projects/personal/walmart-technical-challenge-backend/src/common/DatabaseConnection.ts": {"path":"/Users/marcio/Development/projects/personal/walmart-technical-challenge-backend/src/common/DatabaseConnection.ts","statementMap":{"0":{"start":{"line":1,"column":0},"end":{"line":1,"column":47}},"1":{"start":{"line":3,"column":0},"end":{"line":3,"column":29}},"2":{"start":{"line":4,"column":0},"end":{"line":4,"column":29}},"3":{"start":{"line":7,"column":2},"end":{"line":7,"column":null}},"4":{"start":{"line":9,"column":2},"end":{"line":12,"column":null}},"5":{"start":{"line":10,"column":4},"end":{"line":10,"column":null}},"6":{"start":{"line":11,"column":4},"end":{"line":11,"column":null}},"7":{"start":{"line":14,"column":2},"end":{"line":26,"column":null}},"8":{"start":{"line":21,"column":4},"end":{"line":21,"column":null}},"9":{"start":{"line":22,"column":4},"end":{"line":22,"column":null}},"10":{"start":{"line":24,"column":4},"end":{"line":24,"column":null}},"11":{"start":{"line":25,"column":4},"end":{"line":25,"column":null}},"12":{"start":{"line":6,"column":0},"end":{"line":6,"column":30}}},"fnMap":{"0":{"name":"DatabaseConnection","decl":{"start":{"line":6,"column":30},"end":{"line":6,"column":48}},"loc":{"start":{"line":6,"column":48},"end":{"line":27,"column":null}}},"1":{"name":"(anonymous_10)","decl":{"start":{"line":20,"column":9},"end":{"line":20,"column":12}},"loc":{"start":{"line":20,"column":14},"end":{"line":23,"column":3}}},"2":{"name":"(anonymous_11)","decl":{"start":{"line":23,"column":11},"end":{"line":23,"column":16}},"loc":{"start":{"line":23,"column":19},"end":{"line":26,"column":3}}}},"branchMap":{"0":{"loc":{"start":{"line":9,"column":2},"end":{"line":12,"column":null}},"type":"if","locations":[{"start":{"line":9,"column":2},"end":{"line":12,"column":null}},{"start":{"line":9,"column":2},"end":{"line":12,"column":null}}]}},"s":{"0":4,"1":4,"2":4,"3":4,"4":4,"5":4,"6":4,"7":0,"8":0,"9":0,"10":0,"11":0,"12":4},"f":{"0":4,"1":0,"2":0},"b":{"0":[4,0]}}
,"/Users/marcio/Development/projects/personal/walmart-technical-challenge-backend/src/common/Logger.ts": {"path":"/Users/marcio/Development/projects/personal/walmart-technical-challenge-backend/src/common/Logger.ts","statementMap":{"0":{"start":{"line":1,"column":0},"end":{"line":1,"column":27}},"1":{"start":{"line":2,"column":0},"end":{"line":2,"column":58}},"2":{"start":{"line":3,"column":0},"end":{"line":3,"column":55}},"3":{"start":{"line":5,"column":0},"end":{"line":5,"column":29}},"4":{"start":{"line":7,"column":14},"end":{"line":7,"column":37}},"5":{"start":{"line":8,"column":18},"end":{"line":8,"column":40}},"6":{"start":{"line":9,"column":13},"end":{"line":9,"column":35}},"7":{"start":{"line":11,"column":15},"end":{"line":35,"column":2}},"8":{"start":{"line":19,"column":18},"end":{"line":19,"column":69}},"9":{"start":{"line":25,"column":16},"end":{"line":25,"column":67}},"10":{"start":{"line":37,"column":13},"end":{"line":39,"column":null}},"11":{"start":{"line":38,"column":30},"end":{"line":38,"column":50}},"12":{"start":{"line":41,"column":0},"end":{"line":41,"column":null}}},"fnMap":{"0":{"name":"(anonymous_1)","decl":{"start":{"line":19,"column":10},"end":{"line":19,"column":14}},"loc":{"start":{"line":19,"column":18},"end":{"line":19,"column":69}}},"1":{"name":"(anonymous_2)","decl":{"start":{"line":25,"column":8},"end":{"line":25,"column":12}},"loc":{"start":{"line":25,"column":16},"end":{"line":25,"column":67}}},"2":{"name":"(anonymous_3)","decl":{"start":{"line":38,"column":19},"end":{"line":38,"column":26}},"loc":{"start":{"line":38,"column":30},"end":{"line":38,"column":50}}}},"branchMap":{},"s":{"0":4,"1":4,"2":4,"3":4,"4":4,"5":4,"6":4,"7":4,"8":0,"9":0,"10":4,"11":2,"12":4},"f":{"0":0,"1":0,"2":2},"b":{}}
,"/Users/marcio/Development/projects/personal/walmart-technical-challenge-backend/src/controllers/HealthCheckController.ts": {"path":"/Users/marcio/Development/projects/personal/walmart-technical-challenge-backend/src/controllers/HealthCheckController.ts","statementMap":{"0":{"start":{"line":3,"column":38},"end":{"line":5,"column":null}},"1":{"start":{"line":3,"column":76},"end":{"line":5,"column":null}},"2":{"start":{"line":4,"column":2},"end":{"line":4,"column":null}},"3":{"start":{"line":3,"column":13},"end":{"line":3,"column":38}}},"fnMap":{"0":{"name":"(anonymous_7)","decl":{"start":{"line":3,"column":38},"end":{"line":3,"column":45}},"loc":{"start":{"line":3,"column":76},"end":{"line":5,"column":null}}},"1":{"name":"(anonymous_8)","decl":{"start":{"line":3,"column":76},"end":{"line":3,"column":null}},"loc":{"start":{"line":3,"column":76},"end":{"line":5,"column":1}}}},"branchMap":{},"s":{"0":4,"1":1,"2":1,"3":4},"f":{"0":1,"1":1},"b":{}}
,"/Users/marcio/Development/projects/personal/walmart-technical-challenge-backend/src/controllers/ProductController.ts": {"path":"/Users/marcio/Development/projects/personal/walmart-technical-challenge-backend/src/controllers/ProductController.ts","statementMap":{"0":{"start":{"line":3,"column":0},"end":{"line":3,"column":37}},"1":{"start":{"line":4,"column":0},"end":{"line":4,"column":38}},"2":{"start":{"line":6,"column":38},"end":{"line":15,"column":null}},"3":{"start":{"line":6,"column":76},"end":{"line":15,"column":null}},"4":{"start":{"line":7,"column":2},"end":{"line":14,"column":null}},"5":{"start":{"line":8,"column":4},"end":{"line":8,"column":null}},"6":{"start":{"line":9,"column":21},"end":{"line":9,"column":41}},"7":{"start":{"line":10,"column":4},"end":{"line":10,"column":null}},"8":{"start":{"line":12,"column":4},"end":{"line":12,"column":null}},"9":{"start":{"line":13,"column":4},"end":{"line":13,"column":null}},"10":{"start":{"line":6,"column":13},"end":{"line":6,"column":38}}},"fnMap":{"0":{"name":"(anonymous_8)","decl":{"start":{"line":6,"column":38},"end":{"line":6,"column":45}},"loc":{"start":{"line":6,"column":76},"end":{"line":15,"column":null}}},"1":{"name":"(anonymous_9)","decl":{"start":{"line":6,"column":76},"end":{"line":6,"column":null}},"loc":{"start":{"line":6,"column":76},"end":{"line":15,"column":1}}}},"branchMap":{},"s":{"0":4,"1":4,"2":4,"3":1,"4":1,"5":1,"6":1,"7":1,"8":0,"9":0,"10":4},"f":{"0":1,"1":1},"b":{}}
,"/Users/marcio/Development/projects/personal/walmart-technical-challenge-backend/src/model/Product.ts": {"path":"/Users/marcio/Development/projects/personal/walmart-technical-challenge-backend/src/model/Product.ts","statementMap":{"0":{"start":{"line":1,"column":0},"end":{"line":1,"column":43}},"1":{"start":{"line":3,"column":30},"end":{"line":10,"column":null}},"2":{"start":{"line":13,"column":0},"end":{"line":13,"column":null}}},"fnMap":{},"branchMap":{},"s":{"0":4,"1":4,"2":4},"f":{},"b":{}}
,"/Users/marcio/Development/projects/personal/walmart-technical-challenge-backend/src/router/index.ts": {"path":"/Users/marcio/Development/projects/personal/walmart-technical-challenge-backend/src/router/index.ts","statementMap":{"0":{"start":{"line":1,"column":0},"end":{"line":1,"column":32}},"1":{"start":{"line":3,"column":0},"end":{"line":3,"column":77}},"2":{"start":{"line":4,"column":0},"end":{"line":4,"column":69}},"3":{"start":{"line":6,"column":23},"end":{"line":6,"column":31}},"4":{"start":{"line":9,"column":0},"end":{"line":9,"column":null}},"5":{"start":{"line":12,"column":0},"end":{"line":12,"column":null}},"6":{"start":{"line":14,"column":0},"end":{"line":14,"column":null}}},"fnMap":{},"branchMap":{},"s":{"0":4,"1":4,"2":4,"3":4,"4":4,"5":4,"6":4},"f":{},"b":{}}
}
