TN:
SF:src/common/Config.ts
FNF:0
FNH:0
DA:1,4
DA:3,4
DA:94,4
DA:95,4
DA:96,4
DA:97,4
DA:99,4
LF:7
LH:7
BRF:0
BRH:0
end_of_record
TN:
SF:src/common/CreateApplication.ts
FN:10,CreateApplication
FN:14,(anonymous_16)
FN:27,(anonymous_17)
FN:27,(anonymous_18)
FNF:4
FNH:4
FNDA:4,CreateApplication
FNDA:4,(anonymous_16)
FNDA:4,(anonymous_17)
FNDA:4,(anonymous_18)
DA:1,4
DA:2,4
DA:3,4
DA:5,4
DA:6,4
DA:7,4
DA:8,4
DA:10,4
DA:11,4
DA:12,4
DA:14,4
DA:15,4
DA:16,4
DA:19,4
DA:20,4
DA:21,4
DA:22,4
DA:23,4
DA:25,4
DA:27,4
LF:20
LH:20
BRF:0
BRH:0
end_of_record
TN:
SF:src/common/DatabaseConnection.ts
FN:6,DatabaseConnection
FN:20,(anonymous_10)
FN:23,(anonymous_11)
FNF:3
FNH:1
FNDA:4,DatabaseConnection
FNDA:0,(anonymous_10)
FNDA:0,(anonymous_11)
DA:1,4
DA:3,4
DA:4,4
DA:6,4
DA:7,4
DA:9,4
DA:10,4
DA:11,4
DA:14,0
DA:21,0
DA:22,0
DA:24,0
DA:25,0
LF:13
LH:8
BRDA:9,0,0,4
BRDA:9,0,1,0
BRF:2
BRH:1
end_of_record
TN:
SF:src/common/Logger.ts
FN:19,(anonymous_1)
FN:25,(anonymous_2)
FN:38,(anonymous_3)
FNF:3
FNH:1
FNDA:0,(anonymous_1)
FNDA:0,(anonymous_2)
FNDA:2,(anonymous_3)
DA:1,4
DA:2,4
DA:3,4
DA:5,4
DA:7,4
DA:8,4
DA:9,4
DA:11,4
DA:19,0
DA:25,0
DA:37,4
DA:38,2
DA:41,4
LF:13
LH:11
BRF:0
BRH:0
end_of_record
TN:
SF:src/controllers/HealthCheckController.ts
FN:3,(anonymous_7)
FN:3,(anonymous_8)
FNF:2
FNH:2
FNDA:1,(anonymous_7)
FNDA:1,(anonymous_8)
DA:3,4
DA:4,1
LF:2
LH:2
BRF:0
BRH:0
end_of_record
TN:
SF:src/controllers/ProductController.ts
FN:6,(anonymous_8)
FN:6,(anonymous_9)
FNF:2
FNH:2
FNDA:1,(anonymous_8)
FNDA:1,(anonymous_9)
DA:3,4
DA:4,4
DA:6,4
DA:7,1
DA:8,1
DA:9,1
DA:10,1
DA:12,0
DA:13,0
LF:9
LH:7
BRF:0
BRH:0
end_of_record
TN:
SF:src/model/Product.ts
FNF:0
FNH:0
DA:1,4
DA:3,4
DA:13,4
LF:3
LH:3
BRF:0
BRH:0
end_of_record
TN:
SF:src/router/index.ts
FNF:0
FNH:0
DA:1,4
DA:3,4
DA:4,4
DA:6,4
DA:9,4
DA:12,4
DA:14,4
LF:7
LH:7
BRF:0
BRH:0
end_of_record
