TN:
SF:src/common/Config.ts
FNF:0
FNH:0
DA:1,2
DA:3,2
DA:59,2
DA:60,2
DA:61,2
DA:62,2
DA:64,2
LF:7
LH:7
BRF:0
BRH:0
end_of_record
TN:
SF:src/common/CreateApplication.ts
FN:10,CreateApplication
FN:15,(anonymous_16)
FN:18,(anonymous_17)
FN:28,(anonymous_18)
FN:28,(anonymous_19)
FNF:5
FNH:4
FNDA:2,CreateApplication
FNDA:2,(anonymous_16)
FNDA:0,(anonymous_17)
FNDA:3,(anonymous_18)
FNDA:3,(anonymous_19)
DA:1,2
DA:2,2
DA:3,2
DA:5,2
DA:6,2
DA:7,2
DA:8,2
DA:10,2
DA:11,2
DA:12,2
DA:14,2
DA:15,2
DA:16,2
DA:17,2
DA:18,0
DA:20,2
DA:21,2
DA:22,2
DA:23,2
DA:24,2
DA:26,2
DA:28,3
LF:22
LH:21
BRF:0
BRH:0
end_of_record
TN:
SF:src/common/DatabaseConnection.ts
FN:3,DatabaseConnection
FNF:1
FNH:1
FNDA:2,DatabaseConnection
DA:1,2
DA:3,2
DA:4,2
DA:5,2
LF:4
LH:4
BRF:0
BRH:0
end_of_record
TN:
SF:src/common/Logger.ts
FN:19,(anonymous_1)
FN:25,(anonymous_2)
FN:38,(anonymous_3)
FNF:3
FNH:1
FNDA:0,(anonymous_1)
FNDA:0,(anonymous_2)
FNDA:1,(anonymous_3)
DA:1,2
DA:2,2
DA:3,2
DA:5,2
DA:7,2
DA:8,2
DA:9,2
DA:11,2
DA:19,0
DA:25,0
DA:37,2
DA:38,1
DA:41,2
LF:13
LH:11
BRF:0
BRH:0
end_of_record
TN:
SF:src/controllers/HealthCheckController.ts
FN:3,(anonymous_7)
FN:3,(anonymous_8)
FNF:2
FNH:2
FNDA:1,(anonymous_7)
FNDA:1,(anonymous_8)
DA:3,2
DA:4,1
LF:2
LH:2
BRF:0
BRH:0
end_of_record
TN:
SF:src/router/index.ts
FNF:0
FNH:0
DA:1,2
DA:3,2
DA:5,2
DA:8,2
DA:10,2
LF:5
LH:5
BRF:0
BRH:0
end_of_record
